TN:
SF:src/stories/Button.tsx
FN:1,(anonymous_0)
FN:19,(anonymous_1)
FNF:2
FNH:2
FNDA:10,(anonymous_0)
FNDA:28,(anonymous_1)
DA:1,80
DA:19,10
DA:26,28
DA:27,28
DA:37,10
LF:5
LH:5
BRDA:1,0,0,20
BRDA:1,0,1,10
BRDA:1,1,0,10
BRDA:20,2,0,18
BRDA:21,3,0,9
BRDA:26,4,0,10
BRDA:26,4,1,18
BRF:7
BRH:7
end_of_record
TN:
SF:src/stories/Header.tsx
FN:1,(anonymous_0)
FN:17,(anonymous_1)
FNF:2
FNH:2
FNDA:5,(anonymous_0)
FNDA:9,(anonymous_1)
DA:1,40
DA:17,5
DA:18,9
DA:56,5
LF:4
LH:4
BRDA:1,0,0,10
BRDA:1,0,1,5
BRDA:1,1,0,5
BRDA:40,2,0,4
BRDA:40,2,1,5
BRF:5
BRH:5
end_of_record
TN:
SF:src/stories/Page.tsx
FN:1,(anonymous_0)
FN:10,(anonymous_1)
FN:17,(anonymous_2)
FN:18,(anonymous_3)
FN:19,(anonymous_4)
FNF:5
FNH:3
FNDA:2,(anonymous_0)
FNDA:4,(anonymous_1)
FNDA:1,(anonymous_2)
FNDA:0,(anonymous_3)
FNDA:0,(anonymous_4)
DA:1,18
DA:10,4
DA:11,4
DA:13,4
DA:17,1
DA:18,0
DA:19,0
DA:73,2
LF:8
LH:6
BRDA:1,0,0,4
BRDA:1,0,1,2
BRDA:1,1,0,2
BRF:3
BRH:3
end_of_record
